<?xml version="1.0" encoding="UTF-8"?>
<testsuite xmlns:xsi="http://www.w3.org/2001/XMLSchema-instance" xsi:noNamespaceSchemaLocation="https://maven.apache.org/surefire/maven-surefire-plugin/xsd/surefire-test-report-3.0.xsd" version="3.0" name="integration.EnterpriseAdminWorkAreaIT" time="1.371" tests="2" errors="0" skipped="1" failures="0">
  <properties>
[...]
</properties>
  <testcase name="testSendWorkRequestToQuickDeliverySuccessForEnterpriseAdmin" classname="integration.EnterpriseAdminWorkAreaIT" time="0.0">
    <skipped message="work_requests table not present; skipping test"/>
    <system-out><![CDATA[Database connected successfully!
Database connected successfully!
Database connected successfully!
Database connected successfully!
]]></system-out>
  </testcase>
  <testcase name="testPasswordPreservedOnEditByEnterpriseAdmin" classname="integration.EnterpriseAdminWorkAreaIT" time="0.525">
    <system-out><![CDATA[Database connected successfully!
Database connected successfully!
Database connected successfully!
Database connected successfully!
]]></system-out>
  </testcase>
</testsuite>