<?xml version="1.0" encoding="UTF-8"?>
<testsuite xmlns:xsi="http://www.w3.org/2001/XMLSchema-instance" xsi:noNamespaceSchemaLocation="https://maven.apache.org/surefire/maven-surefire-plugin/xsd/surefire-test-report-3.0.xsd" version="3.0" name="integration.IntegrationIT" time="9.737" tests="1" errors="0" skipped="0" failures="0">
  <properties>
[...]
</properties>
  <testcase name="testEnterpriseAndMenuItemCrud" classname="integration.IntegrationIT" time="0.534">
    <system-out><![CDATA[Database connected successfully!
Database connected successfully!
Database connected successfully!
Database connected successfully!
Database connected successfully!
Database connected successfully!
Database connected successfully!
Database connected successfully!
Database connected successfully!
Database connected successfully!
Database connected successfully!
Database connected successfully!
Database connected successfully!
Database connected successfully!
Database connected successfully!
Database connected successfully!
]]></system-out>
    <system-err><![CDATA[[main] INFO org.testcontainers.utility.ImageNameSubstitutor - Image name substitution will be performed by: DefaultImageNameSubstitutor (composite of 'ConfigurationFileImageNameSubstitutor' and 'PrefixingImageNameSubstitutor')
[main] INFO org.testcontainers.dockerclient.DockerClientProviderStrategy - Loaded org.testcontainers.dockerclient.UnixSocketClientProviderStrategy from ~/.testcontainers.properties, will try it first
[main] INFO org.testcontainers.dockerclient.DockerClientProviderStrategy - Found Docker environment with local Unix socket (unix:///var/run/docker.sock)
[main] INFO org.testcontainers.DockerClientFactory - Docker host IP address is localhost
[main] INFO org.testcontainers.DockerClientFactory - Connected to docker: 
  Server Version: 28.5.1
  API Version: 1.51
  Operating System: Docker Desktop
  Total Memory: 3919 MB
[main] INFO tc.testcontainers/ryuk:0.5.1 - Creating container for image: testcontainers/ryuk:0.5.1
[main] INFO org.testcontainers.utility.RegistryAuthLocator - Credential helper/store (docker-credential-desktop) does not have credentials for https://index.docker.io/v1/
[main] INFO tc.testcontainers/ryuk:0.5.1 - Container testcontainers/ryuk:0.5.1 is starting: 3c26291481ae2813000ca7f1abd8414522e892447a622b6faba5e35148987916
[main] INFO tc.testcontainers/ryuk:0.5.1 - Container testcontainers/ryuk:0.5.1 started in PT0.58641S
[main] INFO org.testcontainers.utility.RyukResourceReaper - Ryuk started - will monitor and terminate Testcontainers containers on JVM exit
[main] INFO org.testcontainers.DockerClientFactory - Checking the system...
[main] INFO org.testcontainers.DockerClientFactory - ✔︎ Docker server version should be at least 1.6.0
[main] INFO tc.mysql:8.0 - Creating container for image: mysql:8.0
[main] INFO tc.mysql:8.0 - Container mysql:8.0 is starting: 9d4185e7a0cc93d84a36399f0c06531e86f85ce171a2b3e0dac28556c7b1d517
[main] INFO tc.mysql:8.0 - Waiting for database connection to become available at jdbc:mysql://localhost:61270/testdb using query 'SELECT 1'
[main] INFO tc.mysql:8.0 - Container mysql:8.0 started in PT7.857708S
[main] INFO tc.mysql:8.0 - Container is started (JDBC URL: jdbc:mysql://localhost:61270/testdb)
]]></system-err>
  </testcase>
</testsuite>